<?xml version="1.0" encoding="UTF-8"?>
<!-- Generated by org.testng.reporters.JUnitXMLReporter -->
<testsuite ignored="0" hostname="Ryota" failures="0" tests="5" name="Default test" time="4.385" errors="0" timestamp="2024-10-26T20:28:53 AST">
  <testcase classname="myTestCases" name="login" time="0.502"/>
  <testcase classname="myTestCases" name="customerName" time="0.478"/>
  <testcase classname="myTestCases" name="deposit" time="1.39"/>
  <testcase classname="myTestCases" name="withdraw" time="0.658"/>
  <testcase classname="myTestCases" name="balance" time="0.027"/>
</testsuite> <!-- Default test -->
