<?xml version="1.0" encoding="UTF-8"?>
<!-- Generated by org.testng.reporters.JUnitXMLReporter -->
<testsuite ignored="0" hostname="Ryota" failures="0" tests="5" name="Default test" time="4.397" errors="0" timestamp="2024-10-26T21:12:53 AST">
  <testcase classname="myTestCases" name="login" time="0.509"/>
  <testcase classname="myTestCases" name="customerName" time="0.519"/>
  <testcase classname="myTestCases" name="deposit" time="1.379"/>
  <testcase classname="myTestCases" name="withdraw" time="0.703"/>
  <testcase classname="myTestCases" name="balance" time="0.054"/>
</testsuite> <!-- Default test -->
